{"C:\\Users\\sergi\\Desktop\\Proyecto Final\\Sergio_Hernandez_Back-Final-Project-202205-MAD\\dist\\controllers\\mongoose.controller.js": {"path":"C:\\Users\\sergi\\Desktop\\Proyecto Final\\Sergio_Hernandez_Back-Final-Project-202205-MAD\\dist\\controllers\\mongoose.controller.js","statementMap":{"0":{"start":{"line":4,"column":8},"end":{"line":4,"column":27}},"1":{"start":{"line":6,"column":23},"end":{"line":10,"column":5}},"2":{"start":{"line":7,"column":8},"end":{"line":7,"column":12}},"3":{"start":{"line":8,"column":8},"end":{"line":8,"column":59}},"4":{"start":{"line":9,"column":8},"end":{"line":9,"column":58}},"5":{"start":{"line":11,"column":20},"end":{"line":32,"column":5}},"6":{"start":{"line":12,"column":8},"end":{"line":31,"column":9}},"7":{"start":{"line":13,"column":12},"end":{"line":13,"column":63}},"8":{"start":{"line":14,"column":12},"end":{"line":18,"column":13}},"9":{"start":{"line":15,"column":16},"end":{"line":15,"column":33}},"10":{"start":{"line":16,"column":16},"end":{"line":16,"column":45}},"11":{"start":{"line":17,"column":16},"end":{"line":17,"column":48}},"12":{"start":{"line":19,"column":27},"end":{"line":19,"column":67}},"13":{"start":{"line":20,"column":12},"end":{"line":27,"column":13}},"14":{"start":{"line":21,"column":16},"end":{"line":21,"column":33}},"15":{"start":{"line":22,"column":16},"end":{"line":22,"column":45}},"16":{"start":{"line":23,"column":16},"end":{"line":23,"column":48}},"17":{"start":{"line":26,"column":16},"end":{"line":26,"column":49}},"18":{"start":{"line":30,"column":12},"end":{"line":30,"column":22}},"19":{"start":{"line":33,"column":21},"end":{"line":45,"column":5}},"20":{"start":{"line":34,"column":8},"end":{"line":44,"column":9}},"21":{"start":{"line":35,"column":28},"end":{"line":35,"column":61}},"22":{"start":{"line":36,"column":12},"end":{"line":37,"column":41}},"23":{"start":{"line":37,"column":16},"end":{"line":37,"column":41}},"24":{"start":{"line":38,"column":12},"end":{"line":38,"column":63}},"25":{"start":{"line":39,"column":12},"end":{"line":39,"column":29}},"26":{"start":{"line":40,"column":12},"end":{"line":40,"column":46}},"27":{"start":{"line":43,"column":12},"end":{"line":43,"column":24}},"28":{"start":{"line":46,"column":22},"end":{"line":51,"column":5}},"29":{"start":{"line":47,"column":24},"end":{"line":47,"column":83}},"30":{"start":{"line":48,"column":8},"end":{"line":48,"column":59}},"31":{"start":{"line":49,"column":8},"end":{"line":49,"column":42}},"32":{"start":{"line":50,"column":8},"end":{"line":50,"column":25}},"33":{"start":{"line":52,"column":23},"end":{"line":73,"column":5}},"34":{"start":{"line":53,"column":8},"end":{"line":72,"column":9}},"35":{"start":{"line":54,"column":12},"end":{"line":58,"column":13}},"36":{"start":{"line":55,"column":16},"end":{"line":55,"column":33}},"37":{"start":{"line":56,"column":16},"end":{"line":56,"column":45}},"38":{"start":{"line":57,"column":16},"end":{"line":57,"column":46}},"39":{"start":{"line":59,"column":31},"end":{"line":59,"column":80}},"40":{"start":{"line":60,"column":12},"end":{"line":68,"column":13}},"41":{"start":{"line":61,"column":16},"end":{"line":61,"column":33}},"42":{"start":{"line":62,"column":16},"end":{"line":62,"column":45}},"43":{"start":{"line":63,"column":16},"end":{"line":63,"column":48}},"44":{"start":{"line":66,"column":16},"end":{"line":66,"column":53}},"45":{"start":{"line":67,"column":16},"end":{"line":67,"column":33}},"46":{"start":{"line":71,"column":12},"end":{"line":71,"column":22}}},"fnMap":{"0":{"name":"(anonymous_0)","decl":{"start":{"line":3,"column":4},"end":{"line":3,"column":5}},"loc":{"start":{"line":3,"column":23},"end":{"line":5,"column":5}},"line":3},"1":{"name":"(anonymous_1)","decl":{"start":{"line":6,"column":23},"end":{"line":6,"column":24}},"loc":{"start":{"line":6,"column":44},"end":{"line":10,"column":5}},"line":6},"2":{"name":"(anonymous_2)","decl":{"start":{"line":11,"column":20},"end":{"line":11,"column":21}},"loc":{"start":{"line":11,"column":47},"end":{"line":32,"column":5}},"line":11},"3":{"name":"(anonymous_3)","decl":{"start":{"line":33,"column":21},"end":{"line":33,"column":22}},"loc":{"start":{"line":33,"column":48},"end":{"line":45,"column":5}},"line":33},"4":{"name":"(anonymous_4)","decl":{"start":{"line":46,"column":22},"end":{"line":46,"column":23}},"loc":{"start":{"line":46,"column":43},"end":{"line":51,"column":5}},"line":46},"5":{"name":"(anonymous_5)","decl":{"start":{"line":52,"column":23},"end":{"line":52,"column":24}},"loc":{"start":{"line":52,"column":50},"end":{"line":73,"column":5}},"line":52}},"branchMap":{"0":{"loc":{"start":{"line":14,"column":12},"end":{"line":18,"column":13}},"type":"if","locations":[{"start":{"line":14,"column":12},"end":{"line":18,"column":13}},{"start":{},"end":{}}],"line":14},"1":{"loc":{"start":{"line":20,"column":12},"end":{"line":27,"column":13}},"type":"if","locations":[{"start":{"line":20,"column":12},"end":{"line":27,"column":13}},{"start":{"line":25,"column":17},"end":{"line":27,"column":13}}],"line":20},"2":{"loc":{"start":{"line":36,"column":12},"end":{"line":37,"column":41}},"type":"if","locations":[{"start":{"line":36,"column":12},"end":{"line":37,"column":41}},{"start":{},"end":{}}],"line":36},"3":{"loc":{"start":{"line":54,"column":12},"end":{"line":58,"column":13}},"type":"if","locations":[{"start":{"line":54,"column":12},"end":{"line":58,"column":13}},{"start":{},"end":{}}],"line":54},"4":{"loc":{"start":{"line":60,"column":12},"end":{"line":68,"column":13}},"type":"if","locations":[{"start":{"line":60,"column":12},"end":{"line":68,"column":13}},{"start":{"line":65,"column":17},"end":{"line":68,"column":13}}],"line":60}},"s":{"0":2,"1":2,"2":1,"3":1,"4":1,"5":2,"6":5,"7":5,"8":5,"9":1,"10":1,"11":1,"12":4,"13":4,"14":2,"15":2,"16":2,"17":2,"18":3,"19":2,"20":2,"21":2,"22":2,"23":1,"24":1,"25":1,"26":1,"27":1,"28":2,"29":1,"30":1,"31":1,"32":1,"33":2,"34":3,"35":3,"36":1,"37":1,"38":1,"39":2,"40":2,"41":1,"42":1,"43":1,"44":1,"45":1,"46":2},"f":{"0":2,"1":1,"2":5,"3":2,"4":1,"5":3},"b":{"0":[1,4],"1":[2,2],"2":[1,1],"3":[1,2],"4":[1,1]},"_coverageSchema":"1a1c01bbd47fc00a2c39e90264f33305004495a9","hash":"d89cad873c5d20b919844ea565a5c89b2f419ff6"}
,"C:\\Users\\sergi\\Desktop\\Proyecto Final\\Sergio_Hernandez_Back-Final-Project-202205-MAD\\dist\\controllers\\recipes.controller.js": {"path":"C:\\Users\\sergi\\Desktop\\Proyecto Final\\Sergio_Hernandez_Back-Final-Project-202205-MAD\\dist\\controllers\\recipes.controller.js","statementMap":{"0":{"start":{"line":7,"column":8},"end":{"line":7,"column":21}},"1":{"start":{"line":8,"column":8},"end":{"line":8,"column":27}},"2":{"start":{"line":10,"column":23},"end":{"line":17,"column":5}},"3":{"start":{"line":11,"column":8},"end":{"line":11,"column":12}},"4":{"start":{"line":12,"column":8},"end":{"line":12,"column":59}},"5":{"start":{"line":13,"column":8},"end":{"line":16,"column":72}},"6":{"start":{"line":18,"column":20},"end":{"line":43,"column":5}},"7":{"start":{"line":20,"column":8},"end":{"line":42,"column":9}},"8":{"start":{"line":21,"column":12},"end":{"line":21,"column":63}},"9":{"start":{"line":22,"column":12},"end":{"line":26,"column":13}},"10":{"start":{"line":23,"column":16},"end":{"line":23,"column":33}},"11":{"start":{"line":24,"column":16},"end":{"line":24,"column":45}},"12":{"start":{"line":25,"column":16},"end":{"line":25,"column":48}},"13":{"start":{"line":27,"column":12},"end":{"line":30,"column":75}},"14":{"start":{"line":31,"column":12},"end":{"line":38,"column":13}},"15":{"start":{"line":32,"column":16},"end":{"line":32,"column":33}},"16":{"start":{"line":33,"column":16},"end":{"line":33,"column":45}},"17":{"start":{"line":34,"column":16},"end":{"line":34,"column":48}},"18":{"start":{"line":37,"column":16},"end":{"line":37,"column":49}},"19":{"start":{"line":41,"column":12},"end":{"line":41,"column":22}},"20":{"start":{"line":44,"column":36},"end":{"line":52,"column":5}},"21":{"start":{"line":46,"column":8},"end":{"line":46,"column":58}},"22":{"start":{"line":47,"column":8},"end":{"line":47,"column":42}},"23":{"start":{"line":48,"column":8},"end":{"line":48,"column":22}},"24":{"start":{"line":49,"column":8},"end":{"line":49,"column":59}},"25":{"start":{"line":50,"column":8},"end":{"line":50,"column":41}},"26":{"start":{"line":51,"column":8},"end":{"line":51,"column":25}},"27":{"start":{"line":53,"column":33},"end":{"line":61,"column":5}},"28":{"start":{"line":55,"column":8},"end":{"line":55,"column":58}},"29":{"start":{"line":56,"column":8},"end":{"line":56,"column":39}},"30":{"start":{"line":57,"column":8},"end":{"line":57,"column":22}},"31":{"start":{"line":58,"column":8},"end":{"line":58,"column":59}},"32":{"start":{"line":59,"column":8},"end":{"line":59,"column":41}},"33":{"start":{"line":60,"column":8},"end":{"line":60,"column":25}},"34":{"start":{"line":62,"column":26},"end":{"line":68,"column":5}},"35":{"start":{"line":63,"column":24},"end":{"line":65,"column":10}},"36":{"start":{"line":66,"column":8},"end":{"line":66,"column":59}},"37":{"start":{"line":67,"column":8},"end":{"line":67,"column":43}}},"fnMap":{"0":{"name":"(anonymous_0)","decl":{"start":{"line":6,"column":4},"end":{"line":6,"column":5}},"loc":{"start":{"line":6,"column":23},"end":{"line":9,"column":5}},"line":6},"1":{"name":"(anonymous_1)","decl":{"start":{"line":10,"column":23},"end":{"line":10,"column":24}},"loc":{"start":{"line":10,"column":44},"end":{"line":17,"column":5}},"line":10},"2":{"name":"(anonymous_2)","decl":{"start":{"line":18,"column":20},"end":{"line":18,"column":21}},"loc":{"start":{"line":18,"column":47},"end":{"line":43,"column":5}},"line":18},"3":{"name":"(anonymous_3)","decl":{"start":{"line":44,"column":36},"end":{"line":44,"column":37}},"loc":{"start":{"line":44,"column":57},"end":{"line":52,"column":5}},"line":44},"4":{"name":"(anonymous_4)","decl":{"start":{"line":53,"column":33},"end":{"line":53,"column":34}},"loc":{"start":{"line":53,"column":54},"end":{"line":61,"column":5}},"line":53},"5":{"name":"(anonymous_5)","decl":{"start":{"line":62,"column":26},"end":{"line":62,"column":27}},"loc":{"start":{"line":62,"column":47},"end":{"line":68,"column":5}},"line":62}},"branchMap":{"0":{"loc":{"start":{"line":22,"column":12},"end":{"line":26,"column":13}},"type":"if","locations":[{"start":{"line":22,"column":12},"end":{"line":26,"column":13}},{"start":{},"end":{}}],"line":22},"1":{"loc":{"start":{"line":31,"column":12},"end":{"line":38,"column":13}},"type":"if","locations":[{"start":{"line":31,"column":12},"end":{"line":38,"column":13}},{"start":{"line":36,"column":17},"end":{"line":38,"column":13}}],"line":31}},"s":{"0":1,"1":1,"2":1,"3":1,"4":1,"5":1,"6":1,"7":3,"8":3,"9":3,"10":1,"11":1,"12":1,"13":2,"14":2,"15":1,"16":1,"17":1,"18":1,"19":2,"20":1,"21":1,"22":1,"23":1,"24":1,"25":1,"26":1,"27":1,"28":1,"29":1,"30":1,"31":1,"32":1,"33":1,"34":1,"35":0,"36":0,"37":0},"f":{"0":1,"1":1,"2":3,"3":1,"4":1,"5":0},"b":{"0":[1,2],"1":[1,1]},"_coverageSchema":"1a1c01bbd47fc00a2c39e90264f33305004495a9","hash":"94cdaf683f33f1f5a9325bbf6e9efa1675bdfb08"}
,"C:\\Users\\sergi\\Desktop\\Proyecto Final\\Sergio_Hernandez_Back-Final-Project-202205-MAD\\dist\\controllers\\user.controller.js": {"path":"C:\\Users\\sergi\\Desktop\\Proyecto Final\\Sergio_Hernandez_Back-Final-Project-202205-MAD\\dist\\controllers\\user.controller.js","statementMap":{"0":{"start":{"line":4,"column":20},"end":{"line":21,"column":5}},"1":{"start":{"line":5,"column":8},"end":{"line":5,"column":59}},"2":{"start":{"line":7,"column":8},"end":{"line":13,"column":9}},"3":{"start":{"line":8,"column":12},"end":{"line":8,"column":74}},"4":{"start":{"line":11,"column":12},"end":{"line":11,"column":24}},"5":{"start":{"line":12,"column":12},"end":{"line":12,"column":19}},"6":{"start":{"line":14,"column":8},"end":{"line":20,"column":9}},"7":{"start":{"line":15,"column":12},"end":{"line":15,"column":44}},"8":{"start":{"line":18,"column":12},"end":{"line":18,"column":29}},"9":{"start":{"line":19,"column":12},"end":{"line":19,"column":42}},"10":{"start":{"line":22,"column":21},"end":{"line":35,"column":5}},"11":{"start":{"line":24,"column":8},"end":{"line":31,"column":9}},"12":{"start":{"line":25,"column":12},"end":{"line":25,"column":65}},"13":{"start":{"line":26,"column":12},"end":{"line":26,"column":50}},"14":{"start":{"line":29,"column":12},"end":{"line":29,"column":24}},"15":{"start":{"line":30,"column":12},"end":{"line":30,"column":19}},"16":{"start":{"line":32,"column":8},"end":{"line":32,"column":59}},"17":{"start":{"line":33,"column":8},"end":{"line":33,"column":25}},"18":{"start":{"line":34,"column":8},"end":{"line":34,"column":43}},"19":{"start":{"line":36,"column":22},"end":{"line":53,"column":5}},"20":{"start":{"line":37,"column":25},"end":{"line":37,"column":68}},"21":{"start":{"line":38,"column":8},"end":{"line":44,"column":9}},"22":{"start":{"line":40,"column":26},"end":{"line":40,"column":63}},"23":{"start":{"line":41,"column":12},"end":{"line":41,"column":50}},"24":{"start":{"line":42,"column":12},"end":{"line":42,"column":24}},"25":{"start":{"line":43,"column":12},"end":{"line":43,"column":19}},"26":{"start":{"line":45,"column":29},"end":{"line":48,"column":9}},"27":{"start":{"line":49,"column":22},"end":{"line":49,"column":51}},"28":{"start":{"line":50,"column":8},"end":{"line":50,"column":59}},"29":{"start":{"line":51,"column":8},"end":{"line":51,"column":25}},"30":{"start":{"line":52,"column":8},"end":{"line":52,"column":62}},"31":{"start":{"line":54,"column":23},"end":{"line":64,"column":5}},"32":{"start":{"line":55,"column":8},"end":{"line":63,"column":9}},"33":{"start":{"line":56,"column":32},"end":{"line":56,"column":81}},"34":{"start":{"line":57,"column":12},"end":{"line":57,"column":29}},"35":{"start":{"line":58,"column":12},"end":{"line":58,"column":51}},"36":{"start":{"line":61,"column":12},"end":{"line":61,"column":24}},"37":{"start":{"line":62,"column":12},"end":{"line":62,"column":19}},"38":{"start":{"line":65,"column":22},"end":{"line":80,"column":5}},"39":{"start":{"line":66,"column":8},"end":{"line":79,"column":9}},"40":{"start":{"line":67,"column":28},"end":{"line":67,"column":87}},"41":{"start":{"line":68,"column":12},"end":{"line":73,"column":13}},"42":{"start":{"line":69,"column":30},"end":{"line":69,"column":55}},"43":{"start":{"line":70,"column":16},"end":{"line":70,"column":41}},"44":{"start":{"line":71,"column":16},"end":{"line":71,"column":28}},"45":{"start":{"line":72,"column":16},"end":{"line":72,"column":23}},"46":{"start":{"line":74,"column":12},"end":{"line":74,"column":63}},"47":{"start":{"line":75,"column":12},"end":{"line":75,"column":47}},"48":{"start":{"line":78,"column":12},"end":{"line":78,"column":24}}},"fnMap":{"0":{"name":"(anonymous_0)","decl":{"start":{"line":4,"column":20},"end":{"line":4,"column":21}},"loc":{"start":{"line":4,"column":47},"end":{"line":21,"column":5}},"line":4},"1":{"name":"(anonymous_1)","decl":{"start":{"line":22,"column":21},"end":{"line":22,"column":22}},"loc":{"start":{"line":22,"column":48},"end":{"line":35,"column":5}},"line":22},"2":{"name":"(anonymous_2)","decl":{"start":{"line":36,"column":22},"end":{"line":36,"column":23}},"loc":{"start":{"line":36,"column":49},"end":{"line":53,"column":5}},"line":36},"3":{"name":"(anonymous_3)","decl":{"start":{"line":54,"column":23},"end":{"line":54,"column":24}},"loc":{"start":{"line":54,"column":50},"end":{"line":64,"column":5}},"line":54},"4":{"name":"(anonymous_4)","decl":{"start":{"line":65,"column":22},"end":{"line":65,"column":23}},"loc":{"start":{"line":65,"column":49},"end":{"line":80,"column":5}},"line":65}},"branchMap":{"0":{"loc":{"start":{"line":14,"column":8},"end":{"line":20,"column":9}},"type":"if","locations":[{"start":{"line":14,"column":8},"end":{"line":20,"column":9}},{"start":{"line":17,"column":13},"end":{"line":20,"column":9}}],"line":14},"1":{"loc":{"start":{"line":38,"column":8},"end":{"line":44,"column":9}},"type":"if","locations":[{"start":{"line":38,"column":8},"end":{"line":44,"column":9}},{"start":{},"end":{}}],"line":38},"2":{"loc":{"start":{"line":38,"column":12},"end":{"line":39,"column":66}},"type":"binary-expr","locations":[{"start":{"line":38,"column":12},"end":{"line":38,"column":21}},{"start":{"line":39,"column":12},"end":{"line":39,"column":66}}],"line":38},"3":{"loc":{"start":{"line":68,"column":12},"end":{"line":73,"column":13}},"type":"if","locations":[{"start":{"line":68,"column":12},"end":{"line":73,"column":13}},{"start":{},"end":{}}],"line":68},"4":{"loc":{"start":{"line":68,"column":16},"end":{"line":68,"column":42}},"type":"binary-expr","locations":[{"start":{"line":68,"column":16},"end":{"line":68,"column":24}},{"start":{"line":68,"column":28},"end":{"line":68,"column":42}}],"line":68}},"s":{"0":12,"1":3,"2":3,"3":3,"4":1,"5":1,"6":2,"7":1,"8":1,"9":1,"10":12,"11":2,"12":2,"13":1,"14":1,"15":1,"16":1,"17":1,"18":1,"19":12,"20":2,"21":2,"22":1,"23":1,"24":1,"25":1,"26":1,"27":1,"28":1,"29":1,"30":1,"31":12,"32":2,"33":2,"34":1,"35":1,"36":1,"37":1,"38":12,"39":3,"40":3,"41":2,"42":1,"43":1,"44":1,"45":1,"46":1,"47":1,"48":1},"f":{"0":3,"1":2,"2":2,"3":2,"4":3},"b":{"0":[1,1],"1":[1,1],"2":[2,2],"3":[1,1],"4":[2,2]},"_coverageSchema":"1a1c01bbd47fc00a2c39e90264f33305004495a9","hash":"672023e571ad5b26255f5e6f59bd59919a4d495b"}
,"C:\\Users\\sergi\\Desktop\\Proyecto Final\\Sergio_Hernandez_Back-Final-Project-202205-MAD\\dist\\db\\mongoose.js": {"path":"C:\\Users\\sergi\\Desktop\\Proyecto Final\\Sergio_Hernandez_Back-Final-Project-202205-MAD\\dist\\db\\mongoose.js","statementMap":{"0":{"start":{"line":3,"column":0},"end":{"line":3,"column":16}},"1":{"start":{"line":5,"column":16},"end":{"line":7,"column":31}},"2":{"start":{"line":8,"column":4},"end":{"line":8,"column":25}},"3":{"start":{"line":9,"column":4},"end":{"line":9,"column":33}}},"fnMap":{"0":{"name":"mongooseConnect","decl":{"start":{"line":4,"column":22},"end":{"line":4,"column":37}},"loc":{"start":{"line":4,"column":40},"end":{"line":10,"column":1}},"line":4}},"branchMap":{"0":{"loc":{"start":{"line":5,"column":16},"end":{"line":7,"column":31}},"type":"cond-expr","locations":[{"start":{"line":6,"column":10},"end":{"line":6,"column":36}},{"start":{"line":7,"column":10},"end":{"line":7,"column":31}}],"line":5}},"s":{"0":2,"1":2,"2":2,"3":2},"f":{"0":2},"b":{"0":[2,0]},"_coverageSchema":"1a1c01bbd47fc00a2c39e90264f33305004495a9","hash":"3d4e87ac1b37e83c1869d3ac35756c70e82fd89a"}
,"C:\\Users\\sergi\\Desktop\\Proyecto Final\\Sergio_Hernandez_Back-Final-Project-202205-MAD\\dist\\models\\recipe.model.js": {"path":"C:\\Users\\sergi\\Desktop\\Proyecto Final\\Sergio_Hernandez_Back-Final-Project-202205-MAD\\dist\\models\\recipe.model.js","statementMap":{"0":{"start":{"line":4,"column":0},"end":{"line":8,"column":30}},"1":{"start":{"line":5,"column":4},"end":{"line":5,"column":23}},"2":{"start":{"line":6,"column":4},"end":{"line":6,"column":25}},"3":{"start":{"line":7,"column":4},"end":{"line":7,"column":29}},"4":{"start":{"line":9,"column":0},"end":{"line":11,"column":5}},"5":{"start":{"line":10,"column":4},"end":{"line":10,"column":28}},"6":{"start":{"line":12,"column":21},"end":{"line":32,"column":2}},"7":{"start":{"line":33,"column":0},"end":{"line":37,"column":3}},"8":{"start":{"line":35,"column":8},"end":{"line":35,"column":34}},"9":{"start":{"line":38,"column":22},"end":{"line":38,"column":60}},"10":{"start":{"line":40,"column":4},"end":{"line":65,"column":7}},"11":{"start":{"line":61,"column":8},"end":{"line":61,"column":37}},"12":{"start":{"line":64,"column":8},"end":{"line":64,"column":27}}},"fnMap":{"0":{"name":"(anonymous_0)","decl":{"start":{"line":4,"column":1},"end":{"line":4,"column":2}},"loc":{"start":{"line":4,"column":20},"end":{"line":8,"column":1}},"line":4},"1":{"name":"(anonymous_1)","decl":{"start":{"line":9,"column":1},"end":{"line":9,"column":2}},"loc":{"start":{"line":9,"column":13},"end":{"line":11,"column":1}},"line":9},"2":{"name":"(anonymous_2)","decl":{"start":{"line":34,"column":15},"end":{"line":34,"column":16}},"loc":{"start":{"line":34,"column":45},"end":{"line":36,"column":5}},"line":34},"3":{"name":"insertManyRecipe","decl":{"start":{"line":39,"column":16},"end":{"line":39,"column":32}},"loc":{"start":{"line":39,"column":35},"end":{"line":66,"column":1}},"line":39},"4":{"name":"(anonymous_4)","decl":{"start":{"line":60,"column":14},"end":{"line":60,"column":15}},"loc":{"start":{"line":60,"column":26},"end":{"line":62,"column":5}},"line":60},"5":{"name":"(anonymous_5)","decl":{"start":{"line":63,"column":15},"end":{"line":63,"column":16}},"loc":{"start":{"line":63,"column":32},"end":{"line":65,"column":5}},"line":63}},"branchMap":{"0":{"loc":{"start":{"line":8,"column":3},"end":{"line":8,"column":28}},"type":"binary-expr","locations":[{"start":{"line":8,"column":3},"end":{"line":8,"column":10}},{"start":{"line":8,"column":15},"end":{"line":8,"column":27}}],"line":8}},"s":{"0":1,"1":1,"2":1,"3":1,"4":1,"5":1,"6":1,"7":1,"8":0,"9":1,"10":0,"11":0,"12":0},"f":{"0":1,"1":1,"2":0,"3":0,"4":0,"5":0},"b":{"0":[1,1]},"_coverageSchema":"1a1c01bbd47fc00a2c39e90264f33305004495a9","hash":"f8308011d6cd48a0483e4f1103a85caeba91a335"}
,"C:\\Users\\sergi\\Desktop\\Proyecto Final\\Sergio_Hernandez_Back-Final-Project-202205-MAD\\dist\\models\\user.model.js": {"path":"C:\\Users\\sergi\\Desktop\\Proyecto Final\\Sergio_Hernandez_Back-Final-Project-202205-MAD\\dist\\models\\user.model.js","statementMap":{"0":{"start":{"line":3,"column":0},"end":{"line":5,"column":5}},"1":{"start":{"line":4,"column":4},"end":{"line":4,"column":28}},"2":{"start":{"line":6,"column":19},"end":{"line":25,"column":2}},"3":{"start":{"line":26,"column":0},"end":{"line":31,"column":3}},"4":{"start":{"line":28,"column":8},"end":{"line":28,"column":34}},"5":{"start":{"line":29,"column":8},"end":{"line":29,"column":37}},"6":{"start":{"line":32,"column":20},"end":{"line":32,"column":54}}},"fnMap":{"0":{"name":"(anonymous_0)","decl":{"start":{"line":3,"column":1},"end":{"line":3,"column":2}},"loc":{"start":{"line":3,"column":13},"end":{"line":5,"column":1}},"line":3},"1":{"name":"(anonymous_1)","decl":{"start":{"line":27,"column":15},"end":{"line":27,"column":16}},"loc":{"start":{"line":27,"column":45},"end":{"line":30,"column":5}},"line":27}},"branchMap":{},"s":{"0":1,"1":1,"2":1,"3":1,"4":0,"5":0,"6":1},"f":{"0":1,"1":0},"b":{},"_coverageSchema":"1a1c01bbd47fc00a2c39e90264f33305004495a9","hash":"15ca3ca5db4d3b95e9d7cbd082f1e27dbbe9e7cc"}
,"C:\\Users\\sergi\\Desktop\\Proyecto Final\\Sergio_Hernandez_Back-Final-Project-202205-MAD\\dist\\services\\authorization.js": {"path":"C:\\Users\\sergi\\Desktop\\Proyecto Final\\Sergio_Hernandez_Back-Final-Project-202205-MAD\\dist\\services\\authorization.js","statementMap":{"0":{"start":{"line":4,"column":0},"end":{"line":4,"column":16}},"1":{"start":{"line":5,"column":23},"end":{"line":11,"column":1}},"2":{"start":{"line":6,"column":4},"end":{"line":10,"column":15}},"3":{"start":{"line":7,"column":8},"end":{"line":7,"column":47}},"4":{"start":{"line":10,"column":8},"end":{"line":10,"column":15}},"5":{"start":{"line":12,"column":23},"end":{"line":14,"column":1}},"6":{"start":{"line":13,"column":4},"end":{"line":13,"column":45}},"7":{"start":{"line":15,"column":27},"end":{"line":17,"column":1}},"8":{"start":{"line":16,"column":4},"end":{"line":16,"column":54}},"9":{"start":{"line":18,"column":27},"end":{"line":20,"column":1}},"10":{"start":{"line":19,"column":4},"end":{"line":19,"column":49}}},"fnMap":{"0":{"name":"(anonymous_0)","decl":{"start":{"line":5,"column":23},"end":{"line":5,"column":24}},"loc":{"start":{"line":5,"column":52},"end":{"line":11,"column":1}},"line":5},"1":{"name":"(anonymous_1)","decl":{"start":{"line":12,"column":23},"end":{"line":12,"column":24}},"loc":{"start":{"line":12,"column":46},"end":{"line":14,"column":1}},"line":12},"2":{"name":"(anonymous_2)","decl":{"start":{"line":15,"column":27},"end":{"line":15,"column":28}},"loc":{"start":{"line":15,"column":45},"end":{"line":17,"column":1}},"line":15},"3":{"name":"(anonymous_3)","decl":{"start":{"line":18,"column":27},"end":{"line":18,"column":28}},"loc":{"start":{"line":18,"column":38},"end":{"line":20,"column":1}},"line":18}},"branchMap":{"0":{"loc":{"start":{"line":5,"column":38},"end":{"line":5,"column":47}},"type":"default-arg","locations":[{"start":{"line":5,"column":45},"end":{"line":5,"column":47}}],"line":5},"1":{"loc":{"start":{"line":6,"column":4},"end":{"line":10,"column":15}},"type":"if","locations":[{"start":{"line":6,"column":4},"end":{"line":10,"column":15}},{"start":{"line":10,"column":8},"end":{"line":10,"column":15}}],"line":6}},"s":{"0":1,"1":1,"2":0,"3":0,"4":0,"5":1,"6":0,"7":1,"8":0,"9":1,"10":0},"f":{"0":0,"1":0,"2":0,"3":0},"b":{"0":[0],"1":[0,0]},"_coverageSchema":"1a1c01bbd47fc00a2c39e90264f33305004495a9","hash":"cf7da5dca10cf3ea2006ef5974378587464caa5d"}
}
