TN:
SF:dist\controllers\mongoose.controller.js
FN:3,(anonymous_0)
FN:6,(anonymous_1)
FN:11,(anonymous_2)
FN:33,(anonymous_3)
FN:46,(anonymous_4)
FN:52,(anonymous_5)
FNF:6
FNH:6
FNDA:2,(anonymous_0)
FNDA:1,(anonymous_1)
FNDA:5,(anonymous_2)
FNDA:2,(anonymous_3)
FNDA:1,(anonymous_4)
FNDA:3,(anonymous_5)
DA:4,2
DA:6,2
DA:7,1
DA:8,1
DA:9,1
DA:11,2
DA:12,5
DA:13,5
DA:14,5
DA:15,1
DA:16,1
DA:17,1
DA:19,4
DA:20,4
DA:21,2
DA:22,2
DA:23,2
DA:26,2
DA:30,3
DA:33,2
DA:34,2
DA:35,2
DA:36,2
DA:37,1
DA:38,1
DA:39,1
DA:40,1
DA:43,1
DA:46,2
DA:47,1
DA:48,1
DA:49,1
DA:50,1
DA:52,2
DA:53,3
DA:54,3
DA:55,1
DA:56,1
DA:57,1
DA:59,2
DA:60,2
DA:61,1
DA:62,1
DA:63,1
DA:66,1
DA:67,1
DA:71,2
LF:47
LH:47
BRDA:14,0,0,1
BRDA:14,0,1,4
BRDA:20,1,0,2
BRDA:20,1,1,2
BRDA:36,2,0,1
BRDA:36,2,1,1
BRDA:54,3,0,1
BRDA:54,3,1,2
BRDA:60,4,0,1
BRDA:60,4,1,1
BRF:10
BRH:10
end_of_record
TN:
SF:dist\controllers\recipes.controller.js
FN:6,(anonymous_0)
FN:10,(anonymous_1)
FN:18,(anonymous_2)
FN:44,(anonymous_3)
FN:53,(anonymous_4)
FN:62,(anonymous_5)
FNF:6
FNH:5
FNDA:1,(anonymous_0)
FNDA:1,(anonymous_1)
FNDA:3,(anonymous_2)
FNDA:1,(anonymous_3)
FNDA:1,(anonymous_4)
FNDA:0,(anonymous_5)
DA:7,1
DA:8,1
DA:10,1
DA:11,1
DA:12,1
DA:13,1
DA:18,1
DA:20,3
DA:21,3
DA:22,3
DA:23,1
DA:24,1
DA:25,1
DA:27,2
DA:31,2
DA:32,1
DA:33,1
DA:34,1
DA:37,1
DA:41,2
DA:44,1
DA:46,1
DA:47,1
DA:48,1
DA:49,1
DA:50,1
DA:51,1
DA:53,1
DA:55,1
DA:56,1
DA:57,1
DA:58,1
DA:59,1
DA:60,1
DA:62,1
DA:63,0
DA:66,0
DA:67,0
LF:38
LH:35
BRDA:22,0,0,1
BRDA:22,0,1,2
BRDA:31,1,0,1
BRDA:31,1,1,1
BRF:4
BRH:4
end_of_record
TN:
SF:dist\controllers\user.controller.js
FN:4,(anonymous_0)
FN:22,(anonymous_1)
FN:36,(anonymous_2)
FN:54,(anonymous_3)
FN:65,(anonymous_4)
FNF:5
FNH:5
FNDA:3,(anonymous_0)
FNDA:2,(anonymous_1)
FNDA:2,(anonymous_2)
FNDA:2,(anonymous_3)
FNDA:3,(anonymous_4)
DA:4,12
DA:5,3
DA:7,3
DA:8,3
DA:11,1
DA:12,1
DA:14,2
DA:15,1
DA:18,1
DA:19,1
DA:22,12
DA:24,2
DA:25,2
DA:26,1
DA:29,1
DA:30,1
DA:32,1
DA:33,1
DA:34,1
DA:36,12
DA:37,2
DA:38,2
DA:40,1
DA:41,1
DA:42,1
DA:43,1
DA:45,1
DA:49,1
DA:50,1
DA:51,1
DA:52,1
DA:54,12
DA:55,2
DA:56,2
DA:57,1
DA:58,1
DA:61,1
DA:62,1
DA:65,12
DA:66,3
DA:67,3
DA:68,2
DA:69,1
DA:70,1
DA:71,1
DA:72,1
DA:74,1
DA:75,1
DA:78,1
LF:49
LH:49
BRDA:14,0,0,1
BRDA:14,0,1,1
BRDA:38,1,0,1
BRDA:38,1,1,1
BRDA:38,2,0,2
BRDA:38,2,1,2
BRDA:68,3,0,1
BRDA:68,3,1,1
BRDA:68,4,0,2
BRDA:68,4,1,2
BRF:10
BRH:10
end_of_record
TN:
SF:dist\db\mongoose.js
FN:4,mongooseConnect
FNF:1
FNH:1
FNDA:2,mongooseConnect
DA:3,2
DA:5,2
DA:8,2
DA:9,2
LF:4
LH:4
BRDA:5,0,0,2
BRDA:5,0,1,0
BRF:2
BRH:1
end_of_record
TN:
SF:dist\models\recipe.model.js
FN:4,(anonymous_0)
FN:9,(anonymous_1)
FN:34,(anonymous_2)
FN:39,insertManyRecipe
FN:60,(anonymous_4)
FN:63,(anonymous_5)
FNF:6
FNH:2
FNDA:1,(anonymous_0)
FNDA:1,(anonymous_1)
FNDA:0,(anonymous_2)
FNDA:0,insertManyRecipe
FNDA:0,(anonymous_4)
FNDA:0,(anonymous_5)
DA:4,1
DA:5,1
DA:6,1
DA:7,1
DA:9,1
DA:10,1
DA:12,1
DA:33,1
DA:35,0
DA:38,1
DA:40,0
DA:61,0
DA:64,0
LF:13
LH:9
BRDA:8,0,0,1
BRDA:8,0,1,1
BRF:2
BRH:2
end_of_record
TN:
SF:dist\models\user.model.js
FN:3,(anonymous_0)
FN:27,(anonymous_1)
FNF:2
FNH:1
FNDA:1,(anonymous_0)
FNDA:0,(anonymous_1)
DA:3,1
DA:4,1
DA:6,1
DA:26,1
DA:28,0
DA:29,0
DA:32,1
LF:7
LH:5
BRF:0
BRH:0
end_of_record
TN:
SF:dist\services\authorization.js
FN:5,(anonymous_0)
FN:12,(anonymous_1)
FN:15,(anonymous_2)
FN:18,(anonymous_3)
FNF:4
FNH:0
FNDA:0,(anonymous_0)
FNDA:0,(anonymous_1)
FNDA:0,(anonymous_2)
FNDA:0,(anonymous_3)
DA:4,1
DA:5,1
DA:6,0
DA:7,0
DA:10,0
DA:12,1
DA:13,0
DA:15,1
DA:16,0
DA:18,1
DA:19,0
LF:11
LH:5
BRDA:5,0,0,0
BRDA:6,1,0,0
BRDA:6,1,1,0
BRF:3
BRH:0
end_of_record
